"H:/_fast/UnrealFRP/FRPClient/Content/Document.uasset" 0
"H:/_fast/UnrealFRP/FRPClient/Content/Document.uexp" 1
"../../../Engine/Content/Animation/DefaultAnimCurveCompressionSettings.uasset" 2
"../../../Engine/Content/Animation/DefaultAnimCurveCompressionSettings.uexp" 3
"../../../Engine/Content/Animation/DefaultAnimBoneCompressionSettings.uasset" 4
"../../../Engine/Content/Animation/DefaultAnimBoneCompressionSettings.uexp" 5
"H:/_fast/UnrealFRP/FRPClient/Content/BP_Game/Mesh/UE4_Mannequin_Skeleton.uasset" 6
"H:/_fast/UnrealFRP/FRPClient/Content/BP_Game/Mesh/UE4_Mannequin_Skeleton.uexp" 7
"H:/_fast/UnrealFRP/FRPClient/Content/BP_Game/Animation/ThirdPersonJump_End.uasset" 8
"H:/_fast/UnrealFRP/FRPClient/Content/BP_Game/Animation/ThirdPersonJump_End.uexp" 9
"H:/_fast/UnrealFRP/FRPClient/Content/BP_Game/Mesh/SK_Mannequin_Female_PhysicsAsset.uasset" 10
"H:/_fast/UnrealFRP/FRPClient/Content/BP_Game/Mesh/SK_Mannequin_Female_PhysicsAsset.uexp" 11
"H:/_fast/UnrealFRP/FRPClient/Content/StaticMesh/Material/M_Color.uasset" 12
"H:/_fast/UnrealFRP/FRPClient/Content/StaticMesh/Material/M_Color.uexp" 13
"H:/_fast/UnrealFRP/FRPClient/Content/StaticMesh/Material/M_Color_Character.uasset" 14
"H:/_fast/UnrealFRP/FRPClient/Content/StaticMesh/Material/M_Color_Character.uexp" 15
"H:/_fast/UnrealFRP/FRPClient/Content/BP_Game/Mesh/SK_Mannequin_Female.uasset" 16
"H:/_fast/UnrealFRP/FRPClient/Content/BP_Game/Mesh/SK_Mannequin_Female.uexp" 17
"../../../Engine/Content/EngineMaterials/T_Default_Material_Grid_N.uasset" 18
"../../../Engine/Content/EngineMaterials/T_Default_Material_Grid_N.uexp" 19
"../../../Engine/Content/EngineMaterials/T_Default_Material_Grid_N.ubulk" 20
"../../../Engine/Content/EngineMaterials/T_Default_Material_Grid_M.uasset" 21
"../../../Engine/Content/EngineMaterials/T_Default_Material_Grid_M.uexp" 22
"../../../Engine/Content/EngineMaterials/T_Default_Material_Grid_M.ubulk" 23
"../../../Engine/Content/Functions/Engine_MaterialFunctions01/Opacity/CameraDepthFade.uasset" 24
"../../../Engine/Content/Functions/Engine_MaterialFunctions01/Opacity/CameraDepthFade.uexp" 25
"../../../Engine/Content/EngineMaterials/WorldGridMaterial.uasset" 26
"../../../Engine/Content/EngineMaterials/WorldGridMaterial.uexp" 27
"../../../Engine/Content/ArtTools/RenderToTexture/Meshes/S_1_Unit_Plane.uasset" 28
"../../../Engine/Content/ArtTools/RenderToTexture/Meshes/S_1_Unit_Plane.uexp" 29
"../../../Engine/Content/EngineMaterials/DefaultMaterial.uasset" 30
"../../../Engine/Content/EngineMaterials/DefaultMaterial.uexp" 31
"../../../Engine/Content/BasicShapes/Cone.uasset" 32
"../../../Engine/Content/BasicShapes/Cone.uexp" 33
"../../../Engine/Content/BasicShapes/Cube.uasset" 34
"../../../Engine/Content/BasicShapes/Cube.uexp" 35
"../../../Engine/Content/BasicShapes/Sphere.uasset" 36
"../../../Engine/Content/BasicShapes/Sphere.uexp" 37
"../../../Engine/Content/EditorLandscapeResources/DataLayer.uasset" 38
"../../../Engine/Content/EditorLandscapeResources/DataLayer.uexp" 39
"../../../Engine/Content/EditorLandscapeResources/DefaultAlphaTexture.uasset" 40
"../../../Engine/Content/EditorLandscapeResources/DefaultAlphaTexture.uexp" 41
"../../../Engine/Content/EditorMaterials/MAT_Groups_Toggle.uasset" 42
"../../../Engine/Content/EditorMaterials/MAT_Groups_Toggle.uexp" 43
"../../../Engine/Content/EditorMaterials/MAT_Groups_Visibility.uasset" 44
"../../../Engine/Content/EditorMaterials/MAT_Groups_Visibility.uexp" 45
"../../../Engine/Content/EditorMaterials/PreviewShadowIndicator.uasset" 46
"../../../Engine/Content/EditorMaterials/PreviewShadowIndicator.uexp" 47
"../../../Engine/Content/EditorMaterials/PreviewShadowIndicator.ubulk" 48
"../../../Engine/Content/EditorMaterials/PreviewShadowIndicatorMaterial.uasset" 49
"../../../Engine/Content/EditorMaterials/PreviewShadowIndicatorMaterial.uexp" 50
"../../../Engine/Content/EditorMaterials/MatineeGroups/MAT_ColorTrack.uasset" 51
"../../../Engine/Content/EditorMaterials/MatineeGroups/MAT_ColorTrack.uexp" 52
"../../../Engine/Content/EditorMaterials/MatineeGroups/MAT_Groups_Anim.uasset" 53
"../../../Engine/Content/EditorMaterials/MatineeGroups/MAT_Groups_Anim.uexp" 54
"../../../Engine/Content/EditorMaterials/MatineeGroups/MAT_Groups_AudioMaster.uasset" 55
"../../../Engine/Content/EditorMaterials/MatineeGroups/MAT_Groups_AudioMaster.uexp" 56
"../../../Engine/Content/EditorMaterials/MatineeGroups/MAT_Groups_Director.uasset" 57
"../../../Engine/Content/EditorMaterials/MatineeGroups/MAT_Groups_Director.uexp" 58
"../../../Engine/Content/EditorMaterials/MatineeGroups/MAT_Groups_Event.uasset" 59
"../../../Engine/Content/EditorMaterials/MatineeGroups/MAT_Groups_Event.uexp" 60
"../../../Engine/Content/EditorMaterials/MatineeGroups/MAT_Groups_Fade.uasset" 61
"../../../Engine/Content/EditorMaterials/MatineeGroups/MAT_Groups_Fade.uexp" 62
"../../../Engine/Content/EditorMaterials/MatineeGroups/MAT_Groups_Float.uasset" 63
"../../../Engine/Content/EditorMaterials/MatineeGroups/MAT_Groups_Float.uexp" 64
"../../../Engine/Content/EditorMaterials/MatineeGroups/MAT_Groups_Move.uasset" 65
"../../../Engine/Content/EditorMaterials/MatineeGroups/MAT_Groups_Move.uexp" 66
"../../../Engine/Content/EditorMaterials/MatineeGroups/MAT_Groups_Slomo.uasset" 67
"../../../Engine/Content/EditorMaterials/MatineeGroups/MAT_Groups_Slomo.uexp" 68
"../../../Engine/Content/EditorMaterials/MatineeGroups/MAT_Groups_Sound.uasset" 69
"../../../Engine/Content/EditorMaterials/MatineeGroups/MAT_Groups_Sound.uexp" 70
"../../../Engine/Content/EditorMaterials/MatineeGroups/MAT_Groups_Vector.uasset" 71
"../../../Engine/Content/EditorMaterials/MatineeGroups/MAT_Groups_Vector.uexp" 72
"../../../Engine/Content/EditorMaterials/ParticleSystems/PSysThumbnail_NoImage.uasset" 73
"../../../Engine/Content/EditorMaterials/ParticleSystems/PSysThumbnail_NoImage.uexp" 74
"../../../Engine/Content/EditorMaterials/ParticleSystems/PSysThumbnail_NoImage.ubulk" 75
"../../../Engine/Content/EditorMaterials/ParticleSystems/PSysThumbnail_OOD.uasset" 76
"../../../Engine/Content/EditorMaterials/ParticleSystems/PSysThumbnail_OOD.uexp" 77
"../../../Engine/Content/EditorMaterials/ParticleSystems/PSysThumbnail_OOD.ubulk" 78
"../../../Engine/Content/EditorMaterials/Camera/CineMat.uasset" 79
"../../../Engine/Content/EditorMaterials/Camera/CineMat.uexp" 80
"../../../Engine/Content/EditorMaterials/Camera/MI_CineMat_Rig.uasset" 81
"../../../Engine/Content/EditorMaterials/Camera/MI_CineMat_Rig.uexp" 82
"../../../Engine/Content/EditorMeshes/Camera/SM_CraneRig_Arm.uasset" 83
"../../../Engine/Content/EditorMeshes/Camera/SM_CraneRig_Arm.uexp" 84
"../../../Engine/Content/EditorMeshes/Camera/SM_CraneRig_Base.uasset" 85
"../../../Engine/Content/EditorMeshes/Camera/SM_CraneRig_Base.uexp" 86
"../../../Engine/Content/EditorMeshes/Camera/SM_CraneRig_Body.uasset" 87
"../../../Engine/Content/EditorMeshes/Camera/SM_CraneRig_Body.uexp" 88
"../../../Engine/Content/EditorMeshes/Camera/SM_CraneRig_Mount.uasset" 89
"../../../Engine/Content/EditorMeshes/Camera/SM_CraneRig_Mount.uexp" 90
"../../../Engine/Content/EditorMeshes/Camera/SM_RailRig_Mount.uasset" 91
"../../../Engine/Content/EditorMeshes/Camera/SM_RailRig_Mount.uexp" 92
"../../../Engine/Content/EditorMeshes/Camera/SM_RailRig_Track.uasset" 93
"../../../Engine/Content/EditorMeshes/Camera/SM_RailRig_Track.uexp" 94
"../../../Engine/Content/EditorResources/BSPVertex.uasset" 95
"../../../Engine/Content/EditorResources/BSPVertex.uexp" 96
"../../../Engine/Content/EditorResources/EmptyActor.uasset" 97
"../../../Engine/Content/EditorResources/EmptyActor.uexp" 98
"../../../Engine/Content/EditorResources/S_Actor.uasset" 99
"../../../Engine/Content/EditorResources/S_Actor.uexp" 100
"../../../Engine/Content/EditorResources/S_Actor.ubulk" 101
"../../../Engine/Content/EditorResources/S_Note.uasset" 102
"../../../Engine/Content/EditorResources/S_Note.uexp" 103
"../../../Engine/Content/EditorResources/S_Note.ubulk" 104
"../../../Engine/Content/EditorResources/S_Solver.uasset" 105
"../../../Engine/Content/EditorResources/S_Solver.uexp" 106
"../../../Engine/Content/EditorResources/S_Solver.ubulk" 107
"../../../Engine/Content/EditorResources/S_Terrain.uasset" 108
"../../../Engine/Content/EditorResources/S_Terrain.uexp" 109
"../../../Engine/Content/EditorResources/S_Terrain.ubulk" 110
"../../../Engine/Content/EditorResources/S_Trigger.uasset" 111
"../../../Engine/Content/EditorResources/S_Trigger.uexp" 112
"../../../Engine/Content/EditorResources/S_Trigger.ubulk" 113
"../../../Engine/Content/EditorResources/LightIcons/S_LightError.uasset" 114
"../../../Engine/Content/EditorResources/LightIcons/S_LightError.uexp" 115
"../../../Engine/Content/EditorResources/SequenceRecorder/Countdown.uasset" 116
"../../../Engine/Content/EditorResources/SequenceRecorder/Countdown.uexp" 117
"../../../Engine/Content/EditorResources/SequenceRecorder/RecordingIndicator.uasset" 118
"../../../Engine/Content/EditorResources/SequenceRecorder/RecordingIndicator.uexp" 119
"../../../Engine/Content/EngineDamageTypes/DmgTypeBP_Environmental.uasset" 120
"../../../Engine/Content/EngineDamageTypes/DmgTypeBP_Environmental.uexp" 121
"../../../Engine/Content/EngineDebugMaterials/DebugEditorMaterial.uasset" 122
"../../../Engine/Content/EngineDebugMaterials/DebugEditorMaterial.uexp" 123
"../../../Engine/Content/EngineDebugMaterials/DebugMeshMaterial.uasset" 124
"../../../Engine/Content/EngineDebugMaterials/DebugMeshMaterial.uexp" 125
"../../../Engine/Content/EngineDebugMaterials/M_SimpleUnlitTranslucent.uasset" 126
"../../../Engine/Content/EngineDebugMaterials/M_SimpleUnlitTranslucent.uexp" 127
"../../../Engine/Content/EngineDebugMaterials/VolumeToRender.uasset" 128
"../../../Engine/Content/EngineDebugMaterials/VolumeToRender.uexp" 129
"../../../Engine/Content/Functions/Engine_MaterialFunctions02/Utility/CameraDirectionVector.uasset" 130
"../../../Engine/Content/Functions/Engine_MaterialFunctions02/Utility/CameraDirectionVector.uexp" 131
"../../../Engine/Content/EngineDebugMaterials/M_VolumeRenderSphereTracePP.uasset" 132
"../../../Engine/Content/EngineDebugMaterials/M_VolumeRenderSphereTracePP.uexp" 133
"../../../Engine/Content/Functions/Engine_MaterialFunctions01/Shading/ConvertFromDiffSpec.uasset" 134
"../../../Engine/Content/Functions/Engine_MaterialFunctions01/Shading/ConvertFromDiffSpec.uexp" 135
"../../../Engine/Content/EngineDebugMaterials/VertexColorMaterial.uasset" 136
"../../../Engine/Content/EngineDebugMaterials/VertexColorMaterial.uexp" 137
"../../../Engine/Content/EngineDebugMaterials/WireframeMaterial.uasset" 138
"../../../Engine/Content/EngineDebugMaterials/WireframeMaterial.uexp" 139
"../../../Engine/Content/EngineMaterials/BaseFlattenNormalMap.uasset" 140
"../../../Engine/Content/EngineMaterials/BaseFlattenNormalMap.uexp" 141
"../../../Engine/Content/EngineMaterials/BaseFlattenGrayscaleMap.uasset" 142
"../../../Engine/Content/EngineMaterials/BaseFlattenGrayscaleMap.uexp" 143
"../../../Engine/Content/EngineMaterials/BaseFlattenEmissiveMap.uasset" 144
"../../../Engine/Content/EngineMaterials/BaseFlattenEmissiveMap.uexp" 145
"../../../Engine/Content/EngineMaterials/BaseFlattenDiffuseMap.uasset" 146
"../../../Engine/Content/EngineMaterials/BaseFlattenDiffuseMap.uexp" 147
"../../../Engine/Content/EngineMaterials/BaseFlattenMaterial.uasset" 148
"../../../Engine/Content/EngineMaterials/BaseFlattenMaterial.uexp" 149
"../../../Engine/Content/EngineMaterials/BlueNoise.uasset" 150
"../../../Engine/Content/EngineMaterials/BlueNoise.uexp" 151
"../../../Engine/Content/EngineMaterials/DefaultBloomKernel.uasset" 152
"../../../Engine/Content/EngineMaterials/DefaultBloomKernel.uexp" 153
"../../../Engine/Content/EngineMaterials/DefaultBokeh.uasset" 154
"../../../Engine/Content/EngineMaterials/DefaultBokeh.uexp" 155
"../../../Engine/Content/EngineMaterials/DefaultDiffuse.uasset" 156
"../../../Engine/Content/EngineMaterials/DefaultDiffuse.uexp" 157
"../../../Engine/Content/EngineMaterials/DefaultDiffuse.ubulk" 158
"../../../Engine/Content/EngineMaterials/DefaultDeferredDecalMaterial.uasset" 159
"../../../Engine/Content/EngineMaterials/DefaultDeferredDecalMaterial.uexp" 160
"../../../Engine/Content/EngineMaterials/DefaultLightFunctionMaterial.uasset" 161
"../../../Engine/Content/EngineMaterials/DefaultLightFunctionMaterial.uexp" 162
"../../../Engine/Content/EngineMaterials/DefaultPhysicalMaterial.uasset" 163
"../../../Engine/Content/EngineMaterials/DefaultPhysicalMaterial.uexp" 164
"../../../Engine/Content/Functions/Engine_MaterialFunctions02/Utility/BreakOutFloat2Components.uasset" 165
"../../../Engine/Content/Functions/Engine_MaterialFunctions02/Utility/BreakOutFloat2Components.uexp" 166
"../../../Engine/Content/EngineMaterials/DefaultPostProcessMaterial.uasset" 167
"../../../Engine/Content/EngineMaterials/DefaultPostProcessMaterial.uexp" 168
"../../../Engine/Content/EngineFonts/RobotoDistanceField.uasset" 169
"../../../Engine/Content/EngineFonts/RobotoDistanceField.uexp" 170
"../../../Engine/Content/EngineMaterials/DefaultTextMaterialOpaque.uasset" 171
"../../../Engine/Content/EngineMaterials/DefaultTextMaterialOpaque.uexp" 172
"../../../Engine/Content/EngineMaterials/DefaultWhiteGrid.uasset" 173
"../../../Engine/Content/EngineMaterials/DefaultWhiteGrid.uexp" 174
"../../../Engine/Content/EngineMaterials/DefaultWhiteGrid.ubulk" 175
"../../../Engine/Content/EngineMaterials/DefaultWhiteGrid_Low.uasset" 176
"../../../Engine/Content/EngineMaterials/DefaultWhiteGrid_Low.uexp" 177
"../../../Engine/Content/EngineMaterials/EmissiveMeshMaterial.uasset" 178
"../../../Engine/Content/EngineMaterials/EmissiveMeshMaterial.uexp" 179
"../../../Engine/Content/EngineMaterials/GizmoMaterial.uasset" 180
"../../../Engine/Content/EngineMaterials/GizmoMaterial.uexp" 181
"../../../Engine/Content/EngineMaterials/Good64x64TilingNoiseHighFreq.uasset" 182
"../../../Engine/Content/EngineMaterials/Good64x64TilingNoiseHighFreq.uexp" 183
"../../../Engine/Content/EngineMaterials/MiniFont.uasset" 184
"../../../Engine/Content/EngineMaterials/MiniFont.uexp" 185
"../../../Engine/Content/EngineMaterials/InvalidLightmapSettings.uasset" 186
"../../../Engine/Content/EngineMaterials/InvalidLightmapSettings.uexp" 187
"../../../Engine/Content/EngineMaterials/InvalidLightmapSettings.ubulk" 188
"../../../Engine/Content/EngineMaterials/M_InvalidLightmapSettings.uasset" 189
"../../../Engine/Content/EngineMaterials/M_InvalidLightmapSettings.uexp" 190
"../../../Engine/Content/Functions/Engine_MaterialFunctions02/WorldPositionOffset/CameraOffset.uasset" 191
"../../../Engine/Content/Functions/Engine_MaterialFunctions02/WorldPositionOffset/CameraOffset.uexp" 192
"../../../Engine/Content/EngineMaterials/PhAT_JointLimitMaterial.uasset" 193
"../../../Engine/Content/EngineMaterials/PhAT_JointLimitMaterial.uexp" 194
"../../../Engine/Content/EngineMaterials/DefaultCalibrationColor.uasset" 195
"../../../Engine/Content/EngineMaterials/DefaultCalibrationColor.uexp" 196
"../../../Engine/Content/EngineMaterials/PPM_DefaultCalibrationColor.uasset" 197
"../../../Engine/Content/EngineMaterials/PPM_DefaultCalibrationColor.uexp" 198
"../../../Engine/Content/EngineMaterials/DefaultCalibrationGrayscale.uasset" 199
"../../../Engine/Content/EngineMaterials/DefaultCalibrationGrayscale.uexp" 200
"../../../Engine/Content/EngineMaterials/PPM_DefaultCalibrationGrayscale.uasset" 201
"../../../Engine/Content/EngineMaterials/PPM_DefaultCalibrationGrayscale.uexp" 202
"../../../Engine/Content/EngineMaterials/PreintegratedSkinBRDF.uasset" 203
"../../../Engine/Content/EngineMaterials/PreintegratedSkinBRDF.uexp" 204
"../../../Engine/Content/EngineMaterials/RemoveSurfaceMaterial.uasset" 205
"../../../Engine/Content/EngineMaterials/RemoveSurfaceMaterial.uexp" 206
"../../../Engine/Content/EngineMaterials/WeightMapPlaceholderTexture.uasset" 207
"../../../Engine/Content/EngineMaterials/WeightMapPlaceholderTexture.uexp" 208
"../../../Engine/Content/EngineResources/WhiteSquareTexture.uasset" 209
"../../../Engine/Content/EngineResources/WhiteSquareTexture.uexp" 210
"../../../Engine/Content/EngineMaterials/Widget3DPassThrough.uasset" 211
"../../../Engine/Content/EngineMaterials/Widget3DPassThrough.uexp" 212
"../../../Engine/Content/EngineMaterials/Widget3DPassThrough_Masked.uasset" 213
"../../../Engine/Content/EngineMaterials/Widget3DPassThrough_Masked.uexp" 214
"../../../Engine/Content/EngineMaterials/Widget3DPassThrough_Opaque.uasset" 215
"../../../Engine/Content/EngineMaterials/Widget3DPassThrough_Opaque.uexp" 216
"../../../Engine/Content/EngineMaterials/Widget3DPassThrough_Masked_OneSided.uasset" 217
"../../../Engine/Content/EngineMaterials/Widget3DPassThrough_Masked_OneSided.uexp" 218
"../../../Engine/Content/EngineMaterials/Widget3DPassThrough_Opaque_OneSided.uasset" 219
"../../../Engine/Content/EngineMaterials/Widget3DPassThrough_Opaque_OneSided.uexp" 220
"../../../Engine/Content/EngineMaterials/Widget3DPassThrough_Translucent.uasset" 221
"../../../Engine/Content/EngineMaterials/Widget3DPassThrough_Translucent.uexp" 222
"../../../Engine/Content/EngineMaterials/Widget3DPassThrough_Translucent_OneSided.uasset" 223
"../../../Engine/Content/EngineMaterials/Widget3DPassThrough_Translucent_OneSided.uexp" 224
"../../../Engine/Content/EngineMeshes/Cylinder.uasset" 225
"../../../Engine/Content/EngineMeshes/Cylinder.uexp" 226
"../../../Engine/Content/EngineMeshes/Sphere.uasset" 227
"../../../Engine/Content/EngineMeshes/Sphere.uexp" 228
"../../../Engine/Content/EngineResources/DefaultTexture.uasset" 229
"../../../Engine/Content/EngineResources/DefaultTexture.uexp" 230
"../../../Engine/Content/EngineResources/DefaultTexture.ubulk" 231
"../../../Engine/Content/EngineResources/DefaultTextureCube.uasset" 232
"../../../Engine/Content/EngineResources/DefaultTextureCube.uexp" 233
"../../../Engine/Content/EngineResources/DefaultVolumeTexture2D.uasset" 234
"../../../Engine/Content/EngineResources/DefaultVolumeTexture2D.uexp" 235
"../../../Engine/Content/EngineResources/DefaultVolumeTexture.uasset" 236
"../../../Engine/Content/EngineResources/DefaultVolumeTexture.uexp" 237
"../../../Engine/Content/EngineResources/GradientTexture0.uasset" 238
"../../../Engine/Content/EngineResources/GradientTexture0.uexp" 239
"../../../Engine/Content/EngineSky/VolumetricClouds/T_NoiseShape64.uasset" 240
"../../../Engine/Content/EngineSky/VolumetricClouds/T_NoiseShape64.uexp" 241
"../../../Engine/Content/EngineSky/VolumetricClouds/T_NoiseShape64.ubulk" 242
"../../../Engine/Content/EngineSky/VolumetricClouds/T_VolumeNoiseShape64.uasset" 243
"../../../Engine/Content/EngineSky/VolumetricClouds/T_VolumeNoiseShape64.uexp" 244
"../../../Engine/Content/EngineSky/VolumetricClouds/T_NoiseErosion.uasset" 245
"../../../Engine/Content/EngineSky/VolumetricClouds/T_NoiseErosion.uexp" 246
"../../../Engine/Content/EngineSky/VolumetricClouds/T_NoiseErosion.ubulk" 247
"../../../Engine/Content/EngineSky/VolumetricClouds/T_VolumeNoiseErosion32.uasset" 248
"../../../Engine/Content/EngineSky/VolumetricClouds/T_VolumeNoiseErosion32.uexp" 249
"../../../Engine/Content/EngineSky/VolumetricClouds/CloudWeatherTexture.uasset" 250
"../../../Engine/Content/EngineSky/VolumetricClouds/CloudWeatherTexture.uexp" 251
"../../../Engine/Content/EngineSky/VolumetricClouds/CloudGradientTexture.uasset" 252
"../../../Engine/Content/EngineSky/VolumetricClouds/CloudGradientTexture.uexp" 253
"../../../Engine/Content/Functions/Engine_MaterialFunctions02/Utility/MakeFloat2.uasset" 254
"../../../Engine/Content/Functions/Engine_MaterialFunctions02/Utility/MakeFloat2.uexp" 255
"../../../Engine/Content/EngineSky/VolumetricClouds/m_SimpleVolumetricCloud.uasset" 256
"../../../Engine/Content/EngineSky/VolumetricClouds/m_SimpleVolumetricCloud.uexp" 257
"../../../Engine/Content/EngineSky/VolumetricClouds/m_SimpleVolumetricCloud_Inst.uasset" 258
"../../../Engine/Content/EngineSky/VolumetricClouds/m_SimpleVolumetricCloud_Inst.uexp" 259
"../../../Engine/Content/EngineSounds/Master.uasset" 260
"../../../Engine/Content/EngineSounds/Master.uexp" 261
"../../../Engine/Content/Functions/Engine_MaterialFunctions01/Shading/PowerToRoughness.uasset" 262
"../../../Engine/Content/Functions/Engine_MaterialFunctions01/Shading/PowerToRoughness.uexp" 263
"../../../Engine/Content/Maps/Templates/Thumbnails/Default.uasset" 264
"../../../Engine/Content/Maps/Templates/Thumbnails/Default.uexp" 265
"../../../Engine/Content/Maps/Templates/Thumbnails/TimeOfDay.uasset" 266
"../../../Engine/Content/Maps/Templates/Thumbnails/TimeOfDay.uexp" 267
"../../../Engine/Content/Maps/Templates/Thumbnails/VR-Basic.uasset" 268
"../../../Engine/Content/Maps/Templates/Thumbnails/VR-Basic.uexp" 269
"../../../Engine/Content/MobileResources/T_MobileControls_texture.uasset" 270
"../../../Engine/Content/MobileResources/T_MobileControls_texture.uexp" 271
"../../../Engine/Content/MobileResources/T_MobileMenu2.uasset" 272
"../../../Engine/Content/MobileResources/T_MobileMenu2.uexp" 273
"../../../Engine/Content/MobileResources/HUD/AnalogHat.uasset" 274
"../../../Engine/Content/MobileResources/HUD/AnalogHat.uexp" 275
"../../../Engine/Content/MobileResources/HUD/VirtualJoystick_Thumb.uasset" 276
"../../../Engine/Content/MobileResources/HUD/VirtualJoystick_Thumb.uexp" 277
"../../../Engine/Content/MobileResources/HUD/VirtualJoystick_Background.uasset" 278
"../../../Engine/Content/MobileResources/HUD/VirtualJoystick_Background.uexp" 279
"../../../Engine/Content/MobileResources/HUD/DefaultVirtualJoysticks.uasset" 280
"../../../Engine/Content/MobileResources/HUD/DefaultVirtualJoysticks.uexp" 281
"../../../Engine/Content/MobileResources/HUD/LeftVirtualJoystickOnly.uasset" 282
"../../../Engine/Content/MobileResources/HUD/LeftVirtualJoystickOnly.uexp" 283
"../../../Engine/Content/MobileResources/HUD/MobileHUDButton1_off.uasset" 284
"../../../Engine/Content/MobileResources/HUD/MobileHUDButton1_off.uexp" 285
"../../../Engine/Content/MobileResources/HUD/MobileHUDButton1_on.uasset" 286
"../../../Engine/Content/MobileResources/HUD/MobileHUDButton1_on.uexp" 287
"../../../Engine/Content/MobileResources/HUD/MobileHUDButton2_off.uasset" 288
"../../../Engine/Content/MobileResources/HUD/MobileHUDButton2_off.uexp" 289
"../../../Engine/Content/MobileResources/HUD/MobileHUDButton2_on.uasset" 290
"../../../Engine/Content/MobileResources/HUD/MobileHUDButton2_on.uexp" 291
"../../../Engine/Content/MobileResources/HUD/MobileHUDButton3.uasset" 292
"../../../Engine/Content/MobileResources/HUD/MobileHUDButton3.uexp" 293
"../../../Engine/Content/MobileResources/HUD/MobileHUDButtonFire.uasset" 294
"../../../Engine/Content/MobileResources/HUD/MobileHUDButtonFire.uexp" 295
"../../../Engine/Content/MobileResources/HUD/MobileHUDDirectionPad.uasset" 296
"../../../Engine/Content/MobileResources/HUD/MobileHUDDirectionPad.uexp" 297
"../../../Engine/Content/MobileResources/HUD/MobileHUDDirectionPad2.uasset" 298
"../../../Engine/Content/MobileResources/HUD/MobileHUDDirectionPad2.uexp" 299
"../../../Engine/Content/MobileResources/HUD/MobileHUDDirectionPad3.uasset" 300
"../../../Engine/Content/MobileResources/HUD/MobileHUDDirectionPad3.uexp" 301
"../../../Engine/Content/MobileResources/HUD/MobileHUDDirectionStick.uasset" 302
"../../../Engine/Content/MobileResources/HUD/MobileHUDDirectionStick.uexp" 303
"../../../Engine/Content/MobileResources/HUD/T_Castle_ThumbstickInner.uasset" 304
"../../../Engine/Content/MobileResources/HUD/T_Castle_ThumbstickInner.uexp" 305
"../../../Engine/Content/MobileResources/HUD/T_Castle_ThumbstickOutter.uasset" 306
"../../../Engine/Content/MobileResources/HUD/T_Castle_ThumbstickOutter.uexp" 307
"../../../Engine/Content/Tutorial/ContentIntroCurve.uasset" 308
"../../../Engine/Content/Tutorial/ContentIntroCurve.uexp" 309
"../../../Engine/Content/VREditor/TransformGizmo/TranslucentTransformGizmoMaterial.uasset" 310
"../../../Engine/Content/VREditor/TransformGizmo/TranslucentTransformGizmoMaterial.uexp" 311
"../../../Engine/Content/VREditor/LaserPointer/VR_LaserPower_01.uasset" 312
"../../../Engine/Content/VREditor/LaserPointer/VR_LaserPower_01.uexp" 313
"../../../Engine/Content/VREditor/LaserPointer/VR_LaserPower_01.ubulk" 314
"../../../Engine/Content/VREditor/TransformGizmo/TransformGizmoMaterial.uasset" 315
"../../../Engine/Content/VREditor/TransformGizmo/TransformGizmoMaterial.uexp" 316
"../../../Engine/Content/VREditor/TransformGizmo/BoundingBoxCorner.uasset" 317
"../../../Engine/Content/VREditor/TransformGizmo/BoundingBoxCorner.uexp" 318
"../../../Engine/Content/VREditor/TransformGizmo/BoundingBoxEdge.uasset" 319
"../../../Engine/Content/VREditor/TransformGizmo/BoundingBoxEdge.uexp" 320
"../../../Engine/Content/VREditor/TransformGizmo/PlaneTranslationHandle.uasset" 321
"../../../Engine/Content/VREditor/TransformGizmo/PlaneTranslationHandle.uexp" 322
"../../../Engine/Content/VREditor/TransformGizmo/Xray.uasset" 323
"../../../Engine/Content/VREditor/TransformGizmo/Xray.uexp" 324
"../../../Engine/Content/VREditor/TransformGizmo/Main.uasset" 325
"../../../Engine/Content/VREditor/TransformGizmo/Main.uexp" 326
"../../../Engine/Content/VREditor/TransformGizmo/SM_Sequencer_Key.uasset" 327
"../../../Engine/Content/VREditor/TransformGizmo/SM_Sequencer_Key.uexp" 328
"../../../Engine/Content/VREditor/TransformGizmo/SM_Sequencer_Node.uasset" 329
"../../../Engine/Content/VREditor/TransformGizmo/SM_Sequencer_Node.uexp" 330
"../../../Engine/Plugins/2D/Paper2D/Content/PlaceholderTextures/DummySpriteTexture.uasset" 331
"../../../Engine/Plugins/2D/Paper2D/Content/PlaceholderTextures/DummySpriteTexture.uexp" 332
"../../../Engine/Plugins/2D/Paper2D/Content/PlaceholderTextures/DummySpriteTexture.ubulk" 333
"../../../Engine/Plugins/2D/Paper2D/Content/DummySprite.uasset" 334
"../../../Engine/Plugins/2D/Paper2D/Content/DummySprite.uexp" 335
"../../../Engine/Plugins/2D/Paper2D/Content/DefaultPaperTerrainMaterial.uasset" 336
"../../../Engine/Plugins/2D/Paper2D/Content/DefaultPaperTerrainMaterial.uexp" 337
"../../../Engine/Plugins/2D/Paper2D/Content/DefaultSpriteMaterial.uasset" 338
"../../../Engine/Plugins/2D/Paper2D/Content/DefaultSpriteMaterial.uexp" 339
"../../../Engine/Plugins/2D/Paper2D/Content/MaskedUnlitSpriteMaterial.uasset" 340
"../../../Engine/Plugins/2D/Paper2D/Content/MaskedUnlitSpriteMaterial.uexp" 341
"../../../Engine/Plugins/2D/Paper2D/Content/OpaqueUnlitSpriteMaterial.uasset" 342
"../../../Engine/Plugins/2D/Paper2D/Content/OpaqueUnlitSpriteMaterial.uexp" 343
"../../../Engine/Content/Functions/Engine_MaterialFunctions02/Utility/VectorLength.uasset" 344
"../../../Engine/Content/Functions/Engine_MaterialFunctions02/Utility/VectorLength.uexp" 345
"../../../Engine/Content/Functions/Engine_MaterialFunctions02/ObjectLocalBounds.uasset" 346
"../../../Engine/Content/Functions/Engine_MaterialFunctions02/ObjectLocalBounds.uexp" 347
"../../../Engine/Content/Functions/Engine_MaterialFunctions02/WorldPositionOffset/ObjectScale.uasset" 348
"../../../Engine/Content/Functions/Engine_MaterialFunctions02/WorldPositionOffset/ObjectScale.uexp" 349
"../../../Engine/Content/Functions/Engine_MaterialFunctions02/Utility/BreakOutFloat3Components.uasset" 350
"../../../Engine/Content/Functions/Engine_MaterialFunctions02/Utility/BreakOutFloat3Components.uexp" 351
"../../../Engine/Plugins/Editor/SpeedTreeImporter/Content/SpeedTree9/UnpackInteger3.uasset" 352
"../../../Engine/Plugins/Editor/SpeedTreeImporter/Content/SpeedTree9/UnpackInteger3.uexp" 353
"../../../Engine/Plugins/Editor/SpeedTreeImporter/Content/SpeedTree9/UnpackDirection.uasset" 354
"../../../Engine/Plugins/Editor/SpeedTreeImporter/Content/SpeedTree9/UnpackDirection.uexp" 355
"../../../Engine/Plugins/Editor/SpeedTreeImporter/Content/SpeedTree9/game_wind_noise.uasset" 356
"../../../Engine/Plugins/Editor/SpeedTreeImporter/Content/SpeedTree9/game_wind_noise.uexp" 357
"../../../Engine/Plugins/Editor/SpeedTreeImporter/Content/SpeedTree9/game_wind_noise.ubulk" 358
"../../../Engine/Content/Functions/Engine_MaterialFunctions02/SafeNormalize.uasset" 359
"../../../Engine/Content/Functions/Engine_MaterialFunctions02/SafeNormalize.uexp" 360
"../../../Engine/Plugins/Editor/SpeedTreeImporter/Content/SpeedTree9/SpeedTreeWindMotion.uasset" 361
"../../../Engine/Plugins/Editor/SpeedTreeImporter/Content/SpeedTree9/SpeedTreeWindMotion.uexp" 362
"../../../Engine/Plugins/Editor/SpeedTreeImporter/Content/SpeedTree9/SpeedTreeBranchMotion.uasset" 363
"../../../Engine/Plugins/Editor/SpeedTreeImporter/Content/SpeedTree9/SpeedTreeBranchMotion.uexp" 364
"../../../Engine/Content/Functions/Engine_MaterialFunctions02/UVs/BoundingBoxBased_0-1_UVW.uasset" 365
"../../../Engine/Content/Functions/Engine_MaterialFunctions02/UVs/BoundingBoxBased_0-1_UVW.uexp" 366
"../../../Engine/Plugins/Editor/SpeedTreeImporter/Content/SpeedTree9/SpeedTreeWind.uasset" 367
"../../../Engine/Plugins/Editor/SpeedTreeImporter/Content/SpeedTree9/SpeedTreeWind.uexp" 368
"../../../Engine/Plugins/Editor/SpeedTreeImporter/Content/SpeedTree9/SpeedTreeBillboard.uasset" 369
"../../../Engine/Plugins/Editor/SpeedTreeImporter/Content/SpeedTree9/SpeedTreeBillboard.uexp" 370
"../../../Engine/Plugins/Editor/SpeedTreeImporter/Content/SpeedTree9/EmptyNormal.uasset" 371
"../../../Engine/Plugins/Editor/SpeedTreeImporter/Content/SpeedTree9/EmptyNormal.uexp" 372
"../../../Engine/Plugins/Editor/SpeedTreeImporter/Content/SpeedTree9/Empty.uasset" 373
"../../../Engine/Plugins/Editor/SpeedTreeImporter/Content/SpeedTree9/Empty.uexp" 374
"../../../Engine/Plugins/Editor/SpeedTreeImporter/Content/SpeedTree9/SpeedTreeBillboardMaster.uasset" 375
"../../../Engine/Plugins/Editor/SpeedTreeImporter/Content/SpeedTree9/SpeedTreeBillboardMaster.uexp" 376
"../../../Engine/Plugins/Editor/SpeedTreeImporter/Content/SpeedTree9/SpeedTreeCameraFacing.uasset" 377
"../../../Engine/Plugins/Editor/SpeedTreeImporter/Content/SpeedTree9/SpeedTreeCameraFacing.uexp" 378
"../../../Engine/Plugins/Editor/SpeedTreeImporter/Content/SpeedTree9/SpeedTreeMaster.uasset" 379
"../../../Engine/Plugins/Editor/SpeedTreeImporter/Content/SpeedTree9/SpeedTreeMaster.uexp" 380
"../../../Engine/Content/BasicShapes/Cylinder.uasset" 381
"../../../Engine/Content/BasicShapes/Cylinder.uexp" 382
"../../../Engine/Content/ArtTools/RenderToTexture/Materials/Debug/M_Emissive_Color.uasset" 383
"../../../Engine/Content/ArtTools/RenderToTexture/Materials/Debug/M_Emissive_Color.uexp" 384
"../../../Engine/Plugins/Runtime/OpenXR/Content/Devices/GoogleDaydream/MRTexture.uasset" 385
"../../../Engine/Plugins/Runtime/OpenXR/Content/Devices/GoogleDaydream/MRTexture.uexp" 386
"../../../Engine/Plugins/Runtime/OpenXR/Content/Devices/GoogleDaydream/MRTexture.ubulk" 387
"../../../Engine/Plugins/Runtime/OpenXR/Content/Devices/GoogleDaydream/BaseTexture.uasset" 388
"../../../Engine/Plugins/Runtime/OpenXR/Content/Devices/GoogleDaydream/BaseTexture.uexp" 389
"../../../Engine/Plugins/Runtime/OpenXR/Content/Devices/GoogleDaydream/BaseTexture.ubulk" 390
"../../../Engine/Content/EngineResources/Black.uasset" 391
"../../../Engine/Content/EngineResources/Black.uexp" 392
"../../../Engine/Plugins/Runtime/OpenXR/Content/Devices/M_XRController.uasset" 393
"../../../Engine/Plugins/Runtime/OpenXR/Content/Devices/M_XRController.uexp" 394
"../../../Engine/Plugins/Runtime/OpenXR/Content/Devices/GoogleDaydream/MI_GoogleDaydream.uasset" 395
"../../../Engine/Plugins/Runtime/OpenXR/Content/Devices/GoogleDaydream/MI_GoogleDaydream.uexp" 396
"../../../Engine/Plugins/Runtime/OpenXR/Content/Devices/GoogleDaydream/GoogleDaydreamController.uasset" 397
"../../../Engine/Plugins/Runtime/OpenXR/Content/Devices/GoogleDaydream/GoogleDaydreamController.uexp" 398
"../../../Engine/Plugins/Runtime/OpenXR/Content/Devices/HTCVive/BaseTexture.uasset" 399
"../../../Engine/Plugins/Runtime/OpenXR/Content/Devices/HTCVive/BaseTexture.uexp" 400
"../../../Engine/Plugins/Runtime/OpenXR/Content/Devices/HTCVive/BaseTexture.ubulk" 401
"../../../Engine/Plugins/Runtime/OpenXR/Content/Devices/HTCVive/MI_HTCVive.uasset" 402
"../../../Engine/Plugins/Runtime/OpenXR/Content/Devices/HTCVive/MI_HTCVive.uexp" 403
"../../../Engine/Plugins/Runtime/OpenXR/Content/Devices/HTCVive/HTCViveController.uasset" 404
"../../../Engine/Plugins/Runtime/OpenXR/Content/Devices/HTCVive/HTCViveController.uexp" 405
"../../../Engine/Plugins/Runtime/OpenXR/Content/Devices/MicrosoftMixedReality/NormalTexture.uasset" 406
"../../../Engine/Plugins/Runtime/OpenXR/Content/Devices/MicrosoftMixedReality/NormalTexture.uexp" 407
"../../../Engine/Plugins/Runtime/OpenXR/Content/Devices/MicrosoftMixedReality/NormalTexture.ubulk" 408
"../../../Engine/Plugins/Runtime/OpenXR/Content/Devices/MicrosoftMixedReality/MRTexture.uasset" 409
"../../../Engine/Plugins/Runtime/OpenXR/Content/Devices/MicrosoftMixedReality/MRTexture.uexp" 410
"../../../Engine/Plugins/Runtime/OpenXR/Content/Devices/MicrosoftMixedReality/MRTexture.ubulk" 411
"../../../Engine/Plugins/Runtime/OpenXR/Content/Devices/MicrosoftMixedReality/EmissiveTexture.uasset" 412
"../../../Engine/Plugins/Runtime/OpenXR/Content/Devices/MicrosoftMixedReality/EmissiveTexture.uexp" 413
"../../../Engine/Plugins/Runtime/OpenXR/Content/Devices/MicrosoftMixedReality/EmissiveTexture.ubulk" 414
"../../../Engine/Plugins/Runtime/OpenXR/Content/Devices/MicrosoftMixedReality/BaseTexture.uasset" 415
"../../../Engine/Plugins/Runtime/OpenXR/Content/Devices/MicrosoftMixedReality/BaseTexture.uexp" 416
"../../../Engine/Plugins/Runtime/OpenXR/Content/Devices/MicrosoftMixedReality/BaseTexture.ubulk" 417
"../../../Engine/Plugins/Runtime/OpenXR/Content/Devices/MicrosoftMixedReality/MI_MicrosoftMixedReality.uasset" 418
"../../../Engine/Plugins/Runtime/OpenXR/Content/Devices/MicrosoftMixedReality/MI_MicrosoftMixedReality.uexp" 419
"../../../Engine/Plugins/Runtime/OpenXR/Content/Devices/MicrosoftMixedReality/Left/left_MicrosoftMixedRealityController.uasset" 420
"../../../Engine/Plugins/Runtime/OpenXR/Content/Devices/MicrosoftMixedReality/Left/left_MicrosoftMixedRealityController.uexp" 421
"../../../Engine/Plugins/Runtime/OpenXR/Content/Devices/MicrosoftMixedReality/Right/right_MicrosoftMixedRealityController.uasset" 422
"../../../Engine/Plugins/Runtime/OpenXR/Content/Devices/MicrosoftMixedReality/Right/right_MicrosoftMixedRealityController.uexp" 423
"../../../Engine/Plugins/Runtime/OpenXR/Content/Devices/OculusGo/BaseTexture.uasset" 424
"../../../Engine/Plugins/Runtime/OpenXR/Content/Devices/OculusGo/BaseTexture.uexp" 425
"../../../Engine/Plugins/Runtime/OpenXR/Content/Devices/OculusGo/BaseTexture.ubulk" 426
"../../../Engine/Plugins/Runtime/OpenXR/Content/Devices/OculusGo/MI_OculusGo.uasset" 427
"../../../Engine/Plugins/Runtime/OpenXR/Content/Devices/OculusGo/MI_OculusGo.uexp" 428
"../../../Engine/Plugins/Runtime/OpenXR/Content/Devices/OculusGo/OculusGoController.uasset" 429
"../../../Engine/Plugins/Runtime/OpenXR/Content/Devices/OculusGo/OculusGoController.uexp" 430
"../../../Engine/Plugins/Runtime/OpenXR/Content/Devices/OculusTouch/MRTexture.uasset" 431
"../../../Engine/Plugins/Runtime/OpenXR/Content/Devices/OculusTouch/MRTexture.uexp" 432
"../../../Engine/Plugins/Runtime/OpenXR/Content/Devices/OculusTouch/MRTexture.ubulk" 433
"../../../Engine/Plugins/Runtime/OpenXR/Content/Devices/OculusTouch/BaseTexture.uasset" 434
"../../../Engine/Plugins/Runtime/OpenXR/Content/Devices/OculusTouch/BaseTexture.uexp" 435
"../../../Engine/Plugins/Runtime/OpenXR/Content/Devices/OculusTouch/BaseTexture.ubulk" 436
"../../../Engine/Plugins/Runtime/OpenXR/Content/Devices/OculusTouch/MI_OculusTouch.uasset" 437
"../../../Engine/Plugins/Runtime/OpenXR/Content/Devices/OculusTouch/MI_OculusTouch.uexp" 438
"../../../Engine/Plugins/Runtime/OpenXR/Content/Devices/OculusTouch/Left/left_OculusTouchController.uasset" 439
"../../../Engine/Plugins/Runtime/OpenXR/Content/Devices/OculusTouch/Left/left_OculusTouchController.uexp" 440
"../../../Engine/Plugins/Runtime/OpenXR/Content/Devices/OculusTouch/Right/right_OculusTouchController.uasset" 441
"../../../Engine/Plugins/Runtime/OpenXR/Content/Devices/OculusTouch/Right/right_OculusTouchController.uexp" 442
"../../../Engine/Plugins/Runtime/OpenXR/Content/Devices/OculusTouch_v2/MRTexture.uasset" 443
"../../../Engine/Plugins/Runtime/OpenXR/Content/Devices/OculusTouch_v2/MRTexture.uexp" 444
"../../../Engine/Plugins/Runtime/OpenXR/Content/Devices/OculusTouch_v2/MRTexture.ubulk" 445
"../../../Engine/Plugins/Runtime/OpenXR/Content/Devices/OculusTouch_v2/BaseTexture.uasset" 446
"../../../Engine/Plugins/Runtime/OpenXR/Content/Devices/OculusTouch_v2/BaseTexture.uexp" 447
"../../../Engine/Plugins/Runtime/OpenXR/Content/Devices/OculusTouch_v2/BaseTexture.ubulk" 448
"../../../Engine/Plugins/Runtime/OpenXR/Content/Devices/OculusTouch_v2/MI_OculusTouch_v2.uasset" 449
"../../../Engine/Plugins/Runtime/OpenXR/Content/Devices/OculusTouch_v2/MI_OculusTouch_v2.uexp" 450
"../../../Engine/Plugins/Runtime/OpenXR/Content/Devices/OculusTouch_v2/Left/left_OculusTouch_v2Controller.uasset" 451
"../../../Engine/Plugins/Runtime/OpenXR/Content/Devices/OculusTouch_v2/Left/left_OculusTouch_v2Controller.uexp" 452
"../../../Engine/Plugins/Runtime/OpenXR/Content/Devices/OculusTouch_v2/Right/right_OculusTouch_v2Controller.uasset" 453
"../../../Engine/Plugins/Runtime/OpenXR/Content/Devices/OculusTouch_v2/Right/right_OculusTouch_v2Controller.uexp" 454
"../../../Engine/Plugins/Runtime/OpenXR/Content/Devices/OculusTouch_v3/MRTexture.uasset" 455
"../../../Engine/Plugins/Runtime/OpenXR/Content/Devices/OculusTouch_v3/MRTexture.uexp" 456
"../../../Engine/Plugins/Runtime/OpenXR/Content/Devices/OculusTouch_v3/MRTexture.ubulk" 457
"../../../Engine/Plugins/Runtime/OpenXR/Content/Devices/OculusTouch_v3/BaseTexture.uasset" 458
"../../../Engine/Plugins/Runtime/OpenXR/Content/Devices/OculusTouch_v3/BaseTexture.uexp" 459
"../../../Engine/Plugins/Runtime/OpenXR/Content/Devices/OculusTouch_v3/BaseTexture.ubulk" 460
"../../../Engine/Plugins/Runtime/OpenXR/Content/Devices/OculusTouch_v3/MI_OculusTouch_v3.uasset" 461
"../../../Engine/Plugins/Runtime/OpenXR/Content/Devices/OculusTouch_v3/MI_OculusTouch_v3.uexp" 462
"../../../Engine/Plugins/Runtime/OpenXR/Content/Devices/OculusTouch_v3/Left/left_OculusTouch_v3Controller.uasset" 463
"../../../Engine/Plugins/Runtime/OpenXR/Content/Devices/OculusTouch_v3/Left/left_OculusTouch_v3Controller.uexp" 464
"../../../Engine/Plugins/Runtime/OpenXR/Content/Devices/OculusTouch_v3/Right/right_OculusTouch_v3Controller.uasset" 465
"../../../Engine/Plugins/Runtime/OpenXR/Content/Devices/OculusTouch_v3/Right/right_OculusTouch_v3Controller.uexp" 466
"../../../Engine/Plugins/Runtime/OpenXR/Content/Devices/ValveIndex/MRTexture.uasset" 467
"../../../Engine/Plugins/Runtime/OpenXR/Content/Devices/ValveIndex/MRTexture.uexp" 468
"../../../Engine/Plugins/Runtime/OpenXR/Content/Devices/ValveIndex/MRTexture.ubulk" 469
"../../../Engine/Plugins/Runtime/OpenXR/Content/Devices/ValveIndex/BaseTexture.uasset" 470
"../../../Engine/Plugins/Runtime/OpenXR/Content/Devices/ValveIndex/BaseTexture.uexp" 471
"../../../Engine/Plugins/Runtime/OpenXR/Content/Devices/ValveIndex/BaseTexture.ubulk" 472
"../../../Engine/Plugins/Runtime/OpenXR/Content/Devices/ValveIndex/Left/MI_left_ValveIndex.uasset" 473
"../../../Engine/Plugins/Runtime/OpenXR/Content/Devices/ValveIndex/Left/MI_left_ValveIndex.uexp" 474
"../../../Engine/Plugins/Runtime/OpenXR/Content/Devices/ValveIndex/Left/left_ValveIndexController.uasset" 475
"../../../Engine/Plugins/Runtime/OpenXR/Content/Devices/ValveIndex/Left/left_ValveIndexController.uexp" 476
"../../../Engine/Plugins/Runtime/OpenXR/Content/Devices/ValveIndex/Right/MI_right_ValveIndex.uasset" 477
"../../../Engine/Plugins/Runtime/OpenXR/Content/Devices/ValveIndex/Right/MI_right_ValveIndex.uexp" 478
"../../../Engine/Plugins/Runtime/OpenXR/Content/Devices/ValveIndex/Right/right_ValveIndexController.uasset" 479
"../../../Engine/Plugins/Runtime/OpenXR/Content/Devices/ValveIndex/Right/right_ValveIndexController.uexp" 480
"../../../Engine/Content/Functions/Engine_MaterialFunctions02/Utility/BreakOutFloat4Components.uasset" 481
"../../../Engine/Content/Functions/Engine_MaterialFunctions02/Utility/BreakOutFloat4Components.uexp" 482
"../../../Engine/Content/Functions/Engine_MaterialFunctions02/Utility/MakeFloat3.uasset" 483
"../../../Engine/Content/Functions/Engine_MaterialFunctions02/Utility/MakeFloat3.uexp" 484
"../../../Engine/Plugins/Runtime/Oculus/OculusVR/Content/Materials/OculusMR_ChromaKey.uasset" 485
"../../../Engine/Plugins/Runtime/Oculus/OculusVR/Content/Materials/OculusMR_ChromaKey.uexp" 486
"../../../Engine/Plugins/Runtime/Oculus/OculusVR/Content/Materials/OculusMR_OpaqueColoredMaterial.uasset" 487
"../../../Engine/Plugins/Runtime/Oculus/OculusVR/Content/Materials/OculusMR_OpaqueColoredMaterial.uexp" 488
"../../../Engine/Plugins/Runtime/Oculus/OculusVR/Content/Materials/PokeAHoleMaterial.uasset" 489
"../../../Engine/Plugins/Runtime/Oculus/OculusVR/Content/Materials/PokeAHoleMaterial.uexp" 490
"../../../Engine/Plugins/Runtime/Oculus/OculusVR/Content/Textures/touchController_controlmap.uasset" 491
"../../../Engine/Plugins/Runtime/Oculus/OculusVR/Content/Textures/touchController_controlmap.uexp" 492
"../../../Engine/Plugins/Runtime/Oculus/OculusVR/Content/Textures/touchController_controlmap.ubulk" 493
"../../../Engine/Plugins/Runtime/Oculus/OculusVR/Content/Textures/touchController_albedo.uasset" 494
"../../../Engine/Plugins/Runtime/Oculus/OculusVR/Content/Textures/touchController_albedo.uexp" 495
"../../../Engine/Plugins/Runtime/Oculus/OculusVR/Content/Textures/touchController_albedo.ubulk" 496
"../../../Engine/Plugins/Runtime/Oculus/OculusVR/Content/Materials/touchController_mat.uasset" 497
"../../../Engine/Plugins/Runtime/Oculus/OculusVR/Content/Materials/touchController_mat.uexp" 498
"../../../Engine/Plugins/Runtime/Oculus/OculusVR/Content/Meshes/LeftTouchController.uasset" 499
"../../../Engine/Plugins/Runtime/Oculus/OculusVR/Content/Meshes/LeftTouchController.uexp" 500
"../../../Engine/Plugins/Runtime/Oculus/OculusVR/Content/Textures/TouchForQuestRiftSController_albedo.uasset" 501
"../../../Engine/Plugins/Runtime/Oculus/OculusVR/Content/Textures/TouchForQuestRiftSController_albedo.uexp" 502
"../../../Engine/Plugins/Runtime/Oculus/OculusVR/Content/Textures/TouchForQuestRiftSController_albedo.ubulk" 503
"../../../Engine/Plugins/Runtime/Oculus/OculusVR/Content/Materials/TouchForQuestRiftSControllerMaterial.uasset" 504
"../../../Engine/Plugins/Runtime/Oculus/OculusVR/Content/Materials/TouchForQuestRiftSControllerMaterial.uexp" 505
"../../../Engine/Plugins/Runtime/Oculus/OculusVR/Content/Meshes/LeftTouchForQuestRiftSController.uasset" 506
"../../../Engine/Plugins/Runtime/Oculus/OculusVR/Content/Meshes/LeftTouchForQuestRiftSController.uexp" 507
"../../../Engine/Plugins/Runtime/Oculus/OculusVR/Content/Meshes/RiftHMD.uasset" 508
"../../../Engine/Plugins/Runtime/Oculus/OculusVR/Content/Meshes/RiftHMD.uexp" 509
"../../../Engine/Plugins/Runtime/Oculus/OculusVR/Content/Meshes/RightTouchController.uasset" 510
"../../../Engine/Plugins/Runtime/Oculus/OculusVR/Content/Meshes/RightTouchController.uexp" 511
"../../../Engine/Plugins/Runtime/Oculus/OculusVR/Content/Meshes/RightTouchForQuestRiftSController.uasset" 512
"../../../Engine/Plugins/Runtime/Oculus/OculusVR/Content/Meshes/RightTouchForQuestRiftSController.uexp" 513
"H:/_fast/UnrealFRP/FRPClient/Content/StaticMesh/Material/MI_Color_Tree.uasset" 514
"H:/_fast/UnrealFRP/FRPClient/Content/StaticMesh/Material/MI_Color_Tree.uexp" 515
"H:/_fast/UnrealFRP/FRPClient/Content/StaticMesh/Material/MI_Color_Leaf.uasset" 516
"H:/_fast/UnrealFRP/FRPClient/Content/StaticMesh/Material/MI_Color_Leaf.uexp" 517
"H:/_fast/UnrealFRP/FRPClient/Content/StaticMesh/SM_BeachTree.uasset" 518
"H:/_fast/UnrealFRP/FRPClient/Content/StaticMesh/SM_BeachTree.uexp" 519
"H:/_fast/UnrealFRP/FRPClient/Content/StaticMesh/Material/MI_Color_Beach.uasset" 520
"H:/_fast/UnrealFRP/FRPClient/Content/StaticMesh/Material/MI_Color_Beach.uexp" 521
"H:/_fast/UnrealFRP/FRPClient/Content/StaticMesh/SM_BeachGround.uasset" 522
"H:/_fast/UnrealFRP/FRPClient/Content/StaticMesh/SM_BeachGround.uexp" 523
"../../../Engine/Content/EngineSky/T_Sky_Stars.uasset" 524
"../../../Engine/Content/EngineSky/T_Sky_Stars.uexp" 525
"../../../Engine/Content/EngineSky/T_Sky_Stars.ubulk" 526
"../../../Engine/Content/EngineSky/T_Sky_Clouds_M.uasset" 527
"../../../Engine/Content/EngineSky/T_Sky_Clouds_M.uexp" 528
"../../../Engine/Content/EngineSky/T_Sky_Clouds_M.ubulk" 529
"../../../Engine/Content/EngineSky/T_Sky_Blue.uasset" 530
"../../../Engine/Content/EngineSky/T_Sky_Blue.uexp" 531
"../../../Engine/Content/EngineSky/T_Sky_Blue.ubulk" 532
"../../../Engine/Content/BasicShapes/Plane.uasset" 533
"../../../Engine/Content/BasicShapes/Plane.uexp" 534
"H:/_fast/UnrealFRP/FRPClient/Content/StaticMesh/Material/MI_Color_Water.uasset" 535
"H:/_fast/UnrealFRP/FRPClient/Content/StaticMesh/Material/MI_Color_Water.uexp" 536
"../../../Engine/Content/EngineSky/M_Sky_Panning_Clouds2.uasset" 537
"../../../Engine/Content/EngineSky/M_Sky_Panning_Clouds2.uexp" 538
"H:/_fast/UnrealFRP/FRPClient/Content/L_GameBeach_BuiltData.uasset" 539
"H:/_fast/UnrealFRP/FRPClient/Content/L_GameBeach_BuiltData.uexp" 540
"H:/_fast/UnrealFRP/FRPClient/Content/L_GameBeach_BuiltData.ubulk" 541
"H:/_fast/UnrealFRP/FRPClient/Content/BP_Game/Widget/UMG_Server.uasset" 542
"H:/_fast/UnrealFRP/FRPClient/Content/BP_Game/Widget/UMG_Server.uexp" 543
"H:/_fast/UnrealFRP/FRPClient/Content/BP_Game/Widget/UMG_Game.uasset" 544
"H:/_fast/UnrealFRP/FRPClient/Content/BP_Game/Widget/UMG_Game.uexp" 545
"H:/_fast/UnrealFRP/FRPClient/Content/BP_Game/Mesh/SK_Mannequin_PhysicsAsset.uasset" 546
"H:/_fast/UnrealFRP/FRPClient/Content/BP_Game/Mesh/SK_Mannequin_PhysicsAsset.uexp" 547
"H:/_fast/UnrealFRP/FRPClient/Content/BP_Game/Mesh/SK_Mannequin.uasset" 548
"H:/_fast/UnrealFRP/FRPClient/Content/BP_Game/Mesh/SK_Mannequin.uexp" 549
"../../../Engine/Content/EditorBlueprintResources/StandardMacros.uasset" 550
"../../../Engine/Content/EditorBlueprintResources/StandardMacros.uexp" 551
"../../../Engine/Content/EditorBlueprintResources/ActorMacros.uasset" 552
"../../../Engine/Content/EditorBlueprintResources/ActorMacros.uexp" 553
"H:/_fast/UnrealFRP/FRPClient/Content/BP_Game/Animation/ThirdPersonWalk.uasset" 554
"H:/_fast/UnrealFRP/FRPClient/Content/BP_Game/Animation/ThirdPersonWalk.uexp" 555
"H:/_fast/UnrealFRP/FRPClient/Content/BP_Game/Animation/ThirdPersonRun.uasset" 556
"H:/_fast/UnrealFRP/FRPClient/Content/BP_Game/Animation/ThirdPersonRun.uexp" 557
"H:/_fast/UnrealFRP/FRPClient/Content/BP_Game/Animation/ThirdPersonIdle.uasset" 558
"H:/_fast/UnrealFRP/FRPClient/Content/BP_Game/Animation/ThirdPersonIdle.uexp" 559
"H:/_fast/UnrealFRP/FRPClient/Content/BP_Game/Animation/ThirdPerson_IdleRun_2D.uasset" 560
"H:/_fast/UnrealFRP/FRPClient/Content/BP_Game/Animation/ThirdPerson_IdleRun_2D.uexp" 561
"H:/_fast/UnrealFRP/FRPClient/Content/BP_Game/Animation/ThirdPersonJump_Start.uasset" 562
"H:/_fast/UnrealFRP/FRPClient/Content/BP_Game/Animation/ThirdPersonJump_Start.uexp" 563
"H:/_fast/UnrealFRP/FRPClient/Content/BP_Game/Animation/ThirdPersonJump_Loop.uasset" 564
"H:/_fast/UnrealFRP/FRPClient/Content/BP_Game/Animation/ThirdPersonJump_Loop.uexp" 565
"H:/_fast/UnrealFRP/FRPClient/Content/BP_Game/Animation/ThirdPerson_Jump.uasset" 566
"H:/_fast/UnrealFRP/FRPClient/Content/BP_Game/Animation/ThirdPerson_Jump.uexp" 567
"H:/_fast/UnrealFRP/FRPClient/Content/BP_Game/ABP_GameCharacter.uasset" 568
"H:/_fast/UnrealFRP/FRPClient/Content/BP_Game/ABP_GameCharacter.uexp" 569
"H:/_fast/UnrealFRP/FRPClient/Content/BP_Game/BP_GameCharacter.uasset" 570
"H:/_fast/UnrealFRP/FRPClient/Content/BP_Game/BP_GameCharacter.uexp" 571
"H:/_fast/UnrealFRP/FRPClient/Content/BP_Game/BP_GameGameModeBase.uasset" 572
"H:/_fast/UnrealFRP/FRPClient/Content/BP_Game/BP_GameGameModeBase.uexp" 573
"../../../Engine/Content/EngineSky/SM_SkySphere.uasset" 574
"../../../Engine/Content/EngineSky/SM_SkySphere.uexp" 575
"../../../Engine/Content/EngineSky/C_Sky_Zenith_Color.uasset" 576
"../../../Engine/Content/EngineSky/C_Sky_Zenith_Color.uexp" 577
"../../../Engine/Content/EngineSky/C_Sky_Horizon_Color.uasset" 578
"../../../Engine/Content/EngineSky/C_Sky_Horizon_Color.uexp" 579
"../../../Engine/Content/EngineSky/C_Sky_Cloud_Color.uasset" 580
"../../../Engine/Content/EngineSky/C_Sky_Cloud_Color.uexp" 581
"../../../Engine/Content/EngineSky/BP_Sky_Sphere.uasset" 582
"../../../Engine/Content/EngineSky/BP_Sky_Sphere.uexp" 583
"H:/_fast/UnrealFRP/FRPClient/Content/L_GameBeach.uexp" 584
"H:/_fast/UnrealFRP/FRPClient/Content/L_GameBeach.umap" 585
"H:/_fast/UnrealFRP/FRPClient/Content/StaticMesh/Material/M_Point.uasset" 586
"H:/_fast/UnrealFRP/FRPClient/Content/StaticMesh/Material/M_Point.uexp" 587
"H:/_fast/UnrealFRP/FRPClient/Content/StaticMesh/Material/MI_Point.uasset" 588
"H:/_fast/UnrealFRP/FRPClient/Content/StaticMesh/Material/MI_Point.uexp" 589
"H:/_fast/UnrealFRP/FRPClient/Content/StaticMesh/SM_Point.uasset" 590
"H:/_fast/UnrealFRP/FRPClient/Content/StaticMesh/SM_Point.uexp" 591
"H:/_fast/UnrealFRP/FRPClient/Content/StaticMesh/SM_ForestTree.uasset" 592
"H:/_fast/UnrealFRP/FRPClient/Content/StaticMesh/SM_ForestTree.uexp" 593
"H:/_fast/UnrealFRP/FRPClient/Content/StaticMesh/Material/MI_Color_Stone.uasset" 594
"H:/_fast/UnrealFRP/FRPClient/Content/StaticMesh/Material/MI_Color_Stone.uexp" 595
"H:/_fast/UnrealFRP/FRPClient/Content/StaticMesh/SM_ForestStone_02.uasset" 596
"H:/_fast/UnrealFRP/FRPClient/Content/StaticMesh/SM_ForestStone_02.uexp" 597
"H:/_fast/UnrealFRP/FRPClient/Content/StaticMesh/SM_ForestStone_01.uasset" 598
"H:/_fast/UnrealFRP/FRPClient/Content/StaticMesh/SM_ForestStone_01.uexp" 599
"H:/_fast/UnrealFRP/FRPClient/Content/StaticMesh/Material/MI_Color_Ground.uasset" 600
"H:/_fast/UnrealFRP/FRPClient/Content/StaticMesh/Material/MI_Color_Ground.uexp" 601
"H:/_fast/UnrealFRP/FRPClient/Content/StaticMesh/SM_ForestGround.uasset" 602
"H:/_fast/UnrealFRP/FRPClient/Content/StaticMesh/SM_ForestGround.uexp" 603
"H:/_fast/UnrealFRP/FRPClient/Content/L_GameForest_BuiltData.uasset" 604
"H:/_fast/UnrealFRP/FRPClient/Content/L_GameForest_BuiltData.uexp" 605
"H:/_fast/UnrealFRP/FRPClient/Content/L_GameForest_BuiltData.ubulk" 606
"H:/_fast/UnrealFRP/FRPClient/Content/L_GameForest.uexp" 607
"H:/_fast/UnrealFRP/FRPClient/Content/L_GameForest.umap" 608
"H:/_fast/UnrealFRP/FRPClient/Content/BP_Menu/UMG_Tip.uasset" 609
"H:/_fast/UnrealFRP/FRPClient/Content/BP_Menu/UMG_Tip.uexp" 610
"H:/_fast/UnrealFRP/FRPClient/Content/BP_Menu/Texture/T_Lock.uasset" 611
"H:/_fast/UnrealFRP/FRPClient/Content/BP_Menu/Texture/T_Lock.uexp" 612
"H:/_fast/UnrealFRP/FRPClient/Content/BP_Menu/Texture/T_Lock.ubulk" 613
"../../../Engine/Content/EngineFonts/Faces/RobotoRegular.uasset" 614
"../../../Engine/Content/EngineFonts/Faces/RobotoRegular.uexp" 615
"../../../Engine/Content/EngineFonts/Faces/RobotoRegular.ufont" 616
"../../../Engine/Content/EngineFonts/Faces/RobotoLight.uasset" 617
"../../../Engine/Content/EngineFonts/Faces/RobotoLight.uexp" 618
"../../../Engine/Content/EngineFonts/Faces/RobotoLight.ufont" 619
"../../../Engine/Content/EngineFonts/Faces/RobotoItalic.uasset" 620
"../../../Engine/Content/EngineFonts/Faces/RobotoItalic.uexp" 621
"../../../Engine/Content/EngineFonts/Faces/RobotoItalic.ufont" 622
"../../../Engine/Content/EngineFonts/Faces/RobotoBoldItalic.uasset" 623
"../../../Engine/Content/EngineFonts/Faces/RobotoBoldItalic.uexp" 624
"../../../Engine/Content/EngineFonts/Faces/RobotoBoldItalic.ufont" 625
"../../../Engine/Content/EngineFonts/Faces/RobotoBold.uasset" 626
"../../../Engine/Content/EngineFonts/Faces/RobotoBold.uexp" 627
"../../../Engine/Content/EngineFonts/Faces/RobotoBold.ufont" 628
"../../../Engine/Content/EngineFonts/Faces/DroidSansFallback.uasset" 629
"../../../Engine/Content/EngineFonts/Faces/DroidSansFallback.uexp" 630
"../../../Engine/Content/EngineFonts/Faces/DroidSansFallback.ufont" 631
"../../../Engine/Content/EngineFonts/Roboto.uasset" 632
"../../../Engine/Content/EngineFonts/Roboto.uexp" 633
"H:/_fast/UnrealFRP/FRPClient/Content/BP_Menu/UMG_Password.uasset" 634
"H:/_fast/UnrealFRP/FRPClient/Content/BP_Menu/UMG_Password.uexp" 635
"H:/_fast/UnrealFRP/FRPClient/Content/BP_Menu/UMG_Session.uasset" 636
"H:/_fast/UnrealFRP/FRPClient/Content/BP_Menu/UMG_Session.uexp" 637
"H:/_fast/UnrealFRP/FRPClient/Content/BP_Menu/UMG_Menu.uasset" 638
"H:/_fast/UnrealFRP/FRPClient/Content/BP_Menu/UMG_Menu.uexp" 639
"H:/_fast/UnrealFRP/FRPClient/Content/L_Menu_BuiltData.uasset" 640
"H:/_fast/UnrealFRP/FRPClient/Content/L_Menu_BuiltData.uexp" 641
"H:/_fast/UnrealFRP/FRPClient/Content/L_Menu.uexp" 642
"H:/_fast/UnrealFRP/FRPClient/Content/L_Menu.umap" 643
"../../../Engine/Content/Maps/Entry_BuiltData.uasset" 644
"../../../Engine/Content/Maps/Entry_BuiltData.uexp" 645
"../../../Engine/Content/Maps/Entry.uexp" 646
"../../../Engine/Content/Maps/Entry.umap" 647
